{"level":"info","message":"NODE_ENV = development","timestamp":"2018-08-15T16:12:25.998Z"}
{"level":"info","message":"middleware.authorized: ","timestamp":"2018-08-15T16:13:02.345Z"}
{"level":"info","message":"info getConfig API","timestamp":"2018-08-15T16:13:02.981Z"}
{"uid":1,"level":"info","message":"middleware.authorized: ","timestamp":"2018-08-15T16:16:49.042Z"}
{"level":"info","message":"Getting newsfeed","timestamp":"2018-08-15T16:16:50.185Z"}
{"level":"info","message":"offset: undefined","timestamp":"2018-08-15T16:16:50.185Z"}
{"level":"info","message":"current page size: 10","timestamp":"2018-08-15T16:16:50.185Z"}
{"uid":1,"level":"info","message":"middleware.authorized: ","timestamp":"2018-08-15T16:18:44.870Z"}
{"level":"info","message":"info getConfig API","timestamp":"2018-08-15T16:18:47.527Z"}
{"level":"info","message":"NODE_ENV = development","timestamp":"2018-08-15T16:32:27.262Z"}
{"uid":1,"level":"info","message":"middleware.authorized: ","timestamp":"2018-08-15T16:32:52.542Z"}
{"level":"info","message":"Getting newsfeed","timestamp":"2018-08-15T16:32:53.055Z"}
{"level":"info","message":"offset: undefined","timestamp":"2018-08-15T16:32:53.055Z"}
{"level":"info","message":"current page size: 10","timestamp":"2018-08-15T16:32:53.056Z"}
{"level":"info","message":"info getConfig API","timestamp":"2018-08-15T16:33:58.692Z"}
{"level":"info","message":"info getConfig API","timestamp":"2018-08-15T16:41:20.592Z"}
{"level":"info","message":"NODE_ENV = development","timestamp":"2018-08-15T16:41:29.876Z"}
{"level":"info","message":"info getConfig API","timestamp":"2018-08-15T16:43:54.353Z"}
{"level":"info","message":"info getConfig API","timestamp":"2018-08-15T16:44:14.423Z"}
{"level":"info","message":"NODE_ENV = development","timestamp":"2018-08-15T16:47:33.697Z"}
{"level":"info","message":"NODE_ENV = development","timestamp":"2018-08-15T16:51:03.338Z"}
{"level":"info","message":"NODE_ENV = development","timestamp":"2018-08-15T16:55:23.153Z"}
{"level":"info","message":"info getConfig API","timestamp":"2018-08-15T16:57:37.647Z"}
{"level":"info","message":"NODE_ENV = development","timestamp":"2018-08-15T17:09:17.965Z"}
{"level":"info","message":"info getConfig API","timestamp":"2018-08-15T17:12:24.938Z"}
{"uid":1,"level":"info","message":"middleware.authorized: ","timestamp":"2018-08-15T17:13:23.707Z"}
{"level":"info","message":"Getting newsfeed","timestamp":"2018-08-15T17:13:24.264Z"}
{"level":"info","message":"offset: undefined","timestamp":"2018-08-15T17:13:24.264Z"}
{"level":"info","message":"current page size: 10","timestamp":"2018-08-15T17:13:24.265Z"}
{"level":"info","message":"info getConfig API","timestamp":"2018-08-15T17:13:33.140Z"}
{"level":"info","message":"NODE_ENV = development","timestamp":"2018-08-15T17:15:17.502Z"}
{"level":"info","message":"info getConfig API","timestamp":"2018-08-15T17:15:21.575Z"}
{"level":"info","message":"middleware.authorized: ","timestamp":"2018-08-15T17:15:33.149Z"}
{"level":"info","message":"info getConfig API","timestamp":"2018-08-15T17:15:33.863Z"}
{"level":"info","message":"info getConfig API","timestamp":"2018-08-15T17:15:47.473Z"}
{"level":"info","message":"NODE_ENV = development","timestamp":"2018-08-15T17:17:38.239Z"}
{"level":"info","message":"info getConfig API","timestamp":"2018-08-15T17:18:33.705Z"}
{"level":"info","message":"NODE_ENV = development","timestamp":"2018-08-15T17:20:26.228Z"}
{"level":"info","message":"info getConfig API","timestamp":"2018-08-15T17:24:31.359Z"}
{"level":"info","message":"NODE_ENV = development","timestamp":"2018-08-15T17:29:41.746Z"}
{"level":"info","message":"info getConfig API","timestamp":"2018-08-15T17:30:57.524Z"}
{"level":"info","message":"NODE_ENV = development","timestamp":"2018-08-15T17:41:06.156Z"}
{"level":"info","message":"info getConfig API","timestamp":"2018-08-15T17:42:47.742Z"}
{"level":"info","message":"NODE_ENV = development","timestamp":"2018-08-15T17:52:04.794Z"}
{"level":"info","message":"info getConfig API","timestamp":"2018-08-15T17:52:18.087Z"}
{"level":"info","message":"NODE_ENV = development","timestamp":"2018-08-15T17:52:56.817Z"}
{"level":"info","message":"info getConfig API","timestamp":"2018-08-15T17:53:06.737Z"}
{"level":"info","message":"NODE_ENV = development","timestamp":"2018-08-15T17:55:26.553Z"}
{"level":"info","message":"info getConfig API","timestamp":"2018-08-15T17:55:37.165Z"}
{"level":"info","message":"NODE_ENV = development","timestamp":"2018-08-15T17:56:27.350Z"}
{"level":"info","message":"info getConfig API","timestamp":"2018-08-15T17:56:32.872Z"}
{"level":"info","message":"NODE_ENV = development","timestamp":"2018-08-15T17:57:21.373Z"}
{"level":"info","message":"info getConfig API","timestamp":"2018-08-15T18:01:08.703Z"}
{"level":"info","message":"NODE_ENV = development","timestamp":"2018-08-15T18:09:23.175Z"}
{"level":"info","message":"info getConfig API","timestamp":"2018-08-15T18:10:51.989Z"}
{"level":"info","message":"NODE_ENV = development","timestamp":"2018-08-15T18:11:36.985Z"}
{"level":"info","message":"info getConfig API","timestamp":"2018-08-15T18:11:57.534Z"}
{"level":"info","message":"NODE_ENV = development","timestamp":"2018-08-15T18:14:21.285Z"}
{"level":"info","message":"info getConfig API","timestamp":"2018-08-15T18:14:34.700Z"}
{"level":"info","message":"NODE_ENV = development","timestamp":"2018-08-15T18:18:53.021Z"}
{"level":"info","message":"info getConfig API","timestamp":"2018-08-15T18:19:06.068Z"}
{"level":"info","message":"NODE_ENV = development","timestamp":"2018-08-15T18:21:51.843Z"}
{"level":"info","message":"info getConfig API","timestamp":"2018-08-15T18:22:21.248Z"}
{"level":"info","message":"NODE_ENV = development","timestamp":"2018-08-15T18:22:43.971Z"}
{"level":"info","message":"info getConfig API","timestamp":"2018-08-15T18:23:03.230Z"}
{"level":"info","message":"NODE_ENV = development","timestamp":"2018-08-15T18:23:35.884Z"}
{"uid":3,"level":"info","message":"middleware.authorized: ","timestamp":"2018-08-15T18:23:45.163Z"}
{"level":"info","message":"Getting newsfeed","timestamp":"2018-08-15T18:23:45.716Z"}
{"level":"info","message":"offset: undefined","timestamp":"2018-08-15T18:23:45.716Z"}
{"level":"info","message":"current page size: 10","timestamp":"2018-08-15T18:23:45.716Z"}
{"level":"info","message":"info getConfig API","timestamp":"2018-08-15T18:24:00.463Z"}
{"uid":3,"level":"info","message":"middleware.authorized: ","timestamp":"2018-08-15T18:24:04.658Z"}
{"uid":3,"level":"info","message":"middleware.authorized: ","timestamp":"2018-08-15T18:24:04.660Z"}
{"level":"info","message":"Getting join date by user","timestamp":"2018-08-15T18:24:05.171Z"}
{"level":"info","message":"Userslug: fb-2624138660933456","timestamp":"2018-08-15T18:24:05.171Z"}
{"level":"info","message":"Session user: [object Object]","timestamp":"2018-08-15T18:24:05.171Z"}
{"level":"info","message":"Getting element by user","timestamp":"2018-08-15T18:24:05.172Z"}
{"level":"info","message":"Userslug: fb-2624138660933456","timestamp":"2018-08-15T18:24:05.172Z"}
{"level":"info","message":"Session user: [object Object]","timestamp":"2018-08-15T18:24:05.172Z"}
{"level":"info","message":"User data: {\"banned\":0,\"birthday\":\"\",\"email\":\"\",\"firstname\":null,\"fullname\":\"Nguyễn Phong Nhật\",\"joinDate\":1534357141977,\"lastOnline\":1534357443737,\"lastResponseTime\":\"\",\"lastname\":null,\"password\":\"\",\"passwordExpiry\":0,\"picture\":\"https://s.gravatar.com/avatar/d41d8cd98f00b204e9800998ecf8427e?size=128&d=https%3A%2F%2Fs3.amazonaws.com%2Ftraceroll-bucket%2Fprofile%2FProfileAvatar01.png&rating=pg.jpg\",\"profileviews\":0,\"responseCount\":0,\"signature\":\"\",\"status\":\"online\",\"userId\":3,\"username\":\"fb-2624138660933456\",\"userslug\":\"fb-2624138660933456\"}","timestamp":"2018-08-15T18:24:05.785Z"}
{"uid":3,"level":"info","message":"middleware.authorized: ","timestamp":"2018-08-15T18:24:07.632Z"}
{"level":"info","message":"info getConfig API","timestamp":"2018-08-15T18:24:12.400Z"}
{"uid":5,"level":"info","message":"middleware.authorized: ","timestamp":"2018-08-15T18:38:23.885Z"}
{"level":"info","message":"Getting newsfeed","timestamp":"2018-08-15T18:38:24.501Z"}
{"level":"info","message":"offset: undefined","timestamp":"2018-08-15T18:38:24.501Z"}
{"level":"info","message":"current page size: 10","timestamp":"2018-08-15T18:38:24.502Z"}
