::1 - - [Tue, 25 Sep 2018 02:08:41 GMT] "GET /stage/magenta HTTP/1.1" 200 - 78.171 ms
::1 - - [Tue, 25 Sep 2018 02:08:51 GMT] "POST /api/newsfeed/list HTTP/1.1" 401 25 1.931 ms
::1 - - [Tue, 25 Sep 2018 02:08:52 GMT] "GET /intro HTTP/1.1" 200 - 1.902 ms
::1 - - [Tue, 25 Sep 2018 02:23:08 GMT] "GET /stage/magenta HTTP/1.1" - - - ms
::1 - - [Tue, 25 Sep 2018 02:23:21 GMT] "POST /api/newsfeed/list HTTP/1.1" 200 - 10762.264 ms
::1 - - [Tue, 25 Sep 2018 02:23:23 GMT] "GET /img/uploads/file-1537496037306.jpg HTTP/1.1" 200 - 762.870 ms
::1 - - [Tue, 25 Sep 2018 02:23:23 GMT] "GET /img/uploads/file-1537496238435.jpg HTTP/1.1" 200 - 755.377 ms
::1 - - [Tue, 25 Sep 2018 02:23:23 GMT] "GET /img/uploads/file-1536933041149.png HTTP/1.1" 200 - 792.003 ms
::1 - - [Tue, 25 Sep 2018 02:26:07 GMT] "POST /logout HTTP/1.1" 200 0 239.305 ms
::1 - - [Tue, 25 Sep 2018 02:26:08 GMT] "GET /login HTTP/1.1" 200 - 2.255 ms
::1 - - [Tue, 25 Sep 2018 02:26:12 GMT] "GET /css/bootstrap.min.css.map HTTP/1.1" 200 - 1.617 ms
::1 - - [Tue, 25 Sep 2018 02:35:01 GMT] "POST /api/newsfeed/list HTTP/1.1" 401 25 0.465 ms
::1 - - [Tue, 25 Sep 2018 02:35:01 GMT] "GET /css/bootstrap.min.css.map HTTP/1.1" 304 - 0.747 ms
::1 - - [Tue, 25 Sep 2018 02:35:01 GMT] "GET /intro HTTP/1.1" 200 - 0.998 ms
::1 - - [Tue, 25 Sep 2018 02:35:03 GMT] "GET /css/bootstrap.min.css.map HTTP/1.1" 304 - 11.427 ms
::1 - - [Tue, 25 Sep 2018 02:35:16 GMT] "GET /api/auth/facebook HTTP/1.1" 302 0 1.576 ms
::1 - - [Tue, 25 Sep 2018 02:35:40 GMT] "GET /api/fbauthcallback?code=AQCA_tVU2wBaVLsTYUMSnFOHd39nrPD8TgeqZmDKpuCRMyObYMoiYYhB9vYU-zWvIZiMIPFFD_Ep35Bdr0MalEg76WwY5KBboC6lv5BfhpfgRUoyCvl0UA-C9pEAyGS6qFUHH6MljpBQVnhepU6ZraiSp2K2WZPzeWEgfdSWznYwUXEqWqccDfXqknEHF8tqngi5UFg0gTici1b9wZqFMFbejfiY9ns5sICtUP6RdqT-iK6xDt3hkWoh-kQKTGt7P_sgLfHrFfcwY8w-9RB6m7VnDi4_omQI1LNon5YA630-TcawHRz6KJljP35kJb6RvbMDsGNPfgjdyqLq6FFnW1Ur HTTP/1.1" 302 424 21922.929 ms
::1 - - [Tue, 25 Sep 2018 02:35:40 GMT] "GET /signupfb?username=fb-1450053795129698&userslug=fb-1450053795129698&email=nhoxrualoxchox_193@yahoo.com&fullname=Quocdat%20Ngo&picture=&birthday=&fbID=1450053795129698 HTTP/1.1" 200 - 1.926 ms
::1 - - [Tue, 25 Sep 2018 02:35:41 GMT] "GET /css/bootstrap.min.css.map HTTP/1.1" 304 - 1.142 ms
::1 - - [Tue, 25 Sep 2018 02:37:22 GMT] "POST /api/newsfeed/list HTTP/1.1" 401 25 0.545 ms
::1 - - [Tue, 25 Sep 2018 02:37:23 GMT] "GET /intro HTTP/1.1" 200 - 1.344 ms
::1 - - [Tue, 25 Sep 2018 02:37:26 GMT] "GET /api/auth/facebook HTTP/1.1" 302 0 0.669 ms
::1 - - [Tue, 25 Sep 2018 03:30:49 GMT] "POST /api/newsfeed/list HTTP/1.1" 401 25 2.000 ms
::1 - - [Tue, 25 Sep 2018 03:30:49 GMT] "GET /css/bootstrap.min.css.map HTTP/1.1" 200 - 10.698 ms
::1 - - [Tue, 25 Sep 2018 03:30:50 GMT] "GET /intro HTTP/1.1" 200 - 1.678 ms
::1 - - [Tue, 25 Sep 2018 03:30:51 GMT] "GET /css/bootstrap.min.css.map HTTP/1.1" 304 - 1.668 ms
::1 - - [Tue, 25 Sep 2018 03:31:05 GMT] "GET /api/auth/facebook HTTP/1.1" 302 0 1.696 ms
::1 - - [Tue, 25 Sep 2018 03:31:07 GMT] "GET /api/fbauthcallback?code=AQCzLUz5s0o5xD08FC4aPq858sshGYefpYwU7ZhOsrAiaGx2Axy2lZs4Wf4EhBIEIGqMqfIzfIJammy6s2yjninFKULZmPVmazmWXkPzKuDSaQbKclRN471s2P_TXhKjJ7foNHrFlBHPHd7ifDKAXzJpz3GOIX1Gy_aYZnEXFjF54bcszVFHumOus9UvfrY_xvi4icanPA_Rpc7-4QbVb62vot4MTyCIa2PTLHMTEkBAgxYy0cst-4jDy5BBQzGv8HXdfmPtT4TAKFXjyZrvo8YgNkIsqllf9TJxa8-pMZjvm37HvoP_VXnCz3v7yCD_JgSjERjV7pBOn_qghcaWYPPl HTTP/1.1" 302 424 968.605 ms
::1 - - [Tue, 25 Sep 2018 03:31:07 GMT] "GET /signupfb?username=fb-1450053795129698&userslug=fb-1450053795129698&email=nhoxrualoxchox_193@yahoo.com&fullname=Quocdat%20Ngo&picture=&birthday=&fbID=1450053795129698 HTTP/1.1" 200 - 2.667 ms
::1 - - [Tue, 25 Sep 2018 03:31:08 GMT] "GET /css/bootstrap.min.css.map HTTP/1.1" 304 - 0.996 ms
::1 - - [Tue, 25 Sep 2018 03:31:29 GMT] "GET /css/bootstrap.min.css.map HTTP/1.1" 304 - 2.248 ms
::1 - - [Tue, 25 Sep 2018 03:31:33 GMT] "POST /api/newsfeed/list HTTP/1.1" 401 25 0.609 ms
::1 - - [Tue, 25 Sep 2018 03:31:33 GMT] "GET /css/bootstrap.min.css.map HTTP/1.1" 304 - 0.922 ms
::1 - - [Tue, 25 Sep 2018 03:31:34 GMT] "GET /intro HTTP/1.1" 304 - 2.048 ms
::1 - - [Tue, 25 Sep 2018 03:31:35 GMT] "GET /css/bootstrap.min.css.map HTTP/1.1" 304 - 0.811 ms
::1 - - [Tue, 25 Sep 2018 03:31:37 GMT] "GET /api/auth/facebook HTTP/1.1" 302 0 0.932 ms
::1 - - [Tue, 25 Sep 2018 03:31:39 GMT] "GET /api/fbauthcallback?code=AQAKaftA5j7pfCpzTLf5OeEQrCFu2r6FvLqRoyjOVLI0td9cTJ77eTMgyWIL9CRvtRcKy-Afrfjds7tf0qJXJ68BGHwb8oYVTokMp0hoXp3McG9shakCrgqfUgsuyz6gpfYbvfBl31d75Jym9anUG5posrzmGIenutgrrjZxwdxsGmu9IiT5vEgy6ZwfB2R0zbIhlN2-OPckqBWMKfZBcZs4tci4n8VOts-3UOc7mNuRGV6VlFRQVSGqPNA7GwpsDoKS0LYe1JAcJFxwUkFEZqyWcCafLCygNt4_Ut_APg_st_trHk0mjK6v9C7-3H8V8lTWg5c_YGjICWsV6jNKC0fb HTTP/1.1" 302 424 744.398 ms
::1 - - [Tue, 25 Sep 2018 03:31:39 GMT] "GET /signupfb?username=fb-1450053795129698&userslug=fb-1450053795129698&email=nhoxrualoxchox_193@yahoo.com&fullname=Quocdat%20Ngo&picture=&birthday=&fbID=1450053795129698 HTTP/1.1" 304 - 0.825 ms
::1 - - [Tue, 25 Sep 2018 03:31:40 GMT] "GET /css/bootstrap.min.css.map HTTP/1.1" 304 - 0.817 ms
::1 - - [Tue, 25 Sep 2018 04:17:33 GMT] "POST /api/newsfeed/list HTTP/1.1" 401 25 2.077 ms
::1 - - [Tue, 25 Sep 2018 04:17:34 GMT] "GET /intro HTTP/1.1" 200 - 6.385 ms
::1 - - [Tue, 25 Sep 2018 04:17:37 GMT] "GET /api/auth/facebook HTTP/1.1" 302 0 1.542 ms
::1 - - [Tue, 25 Sep 2018 04:17:39 GMT] "GET /api/fbauthcallback?code=AQC8rbJAX9hqumehDKrAkcGg2qHeC4f1XAqErgd23-nVWioJF4loVVJq_abXqPZQ4yYZGq1yiLyw0zrPHmIpjP5Cdd2kAtgz14OIs-8hR52JfNNpnKC7RmPQ8DGjE-j8A8b74f6eAau2jkgBqov5rGS-gXc1ADj39Y4xs79fRMp23ms-qctyFBIcghalFOZ6XdSmiF2aqO1nJIV7BAIcahnG1E3mvBDuCjAPvz2wWVXEZvjzfrpBZjyVdd4FG6p7byd92iM1RQ6vx2SgFGASpRDS-mZ9uy723f153dKf4p6oRsuR_YizQg3RI2KR_lY8kyAoci3O8Zknctf_fuEnO_j6 HTTP/1.1" 302 424 1076.014 ms
::1 - - [Tue, 25 Sep 2018 04:17:39 GMT] "GET /signupfb?username=fb-1450053795129698&userslug=fb-1450053795129698&email=nhoxrualoxchox_193@yahoo.com&fullname=Quocdat%20Ngo&picture=&birthday=&fbID=1450053795129698 HTTP/1.1" 200 - 1.475 ms
::1 - - [Tue, 25 Sep 2018 04:18:19 GMT] "POST /api/newsfeed/list HTTP/1.1" 401 25 0.724 ms
::1 - - [Tue, 25 Sep 2018 04:18:19 GMT] "GET /intro HTTP/1.1" 200 - 1.899 ms
::1 - - [Tue, 25 Sep 2018 04:18:21 GMT] "GET /api/auth/facebook HTTP/1.1" 302 0 0.399 ms
::1 - - [Tue, 25 Sep 2018 04:18:44 GMT] "POST /api/newsfeed/list HTTP/1.1" 401 25 0.430 ms
::1 - - [Tue, 25 Sep 2018 04:18:45 GMT] "GET /intro HTTP/1.1" 304 - 0.980 ms
::1 - - [Tue, 25 Sep 2018 04:19:14 GMT] "GET /api/auth/facebook HTTP/1.1" 302 0 0.487 ms
::1 - - [Tue, 25 Sep 2018 04:19:16 GMT] "GET /api/fbauthcallback?code=AQBVUcGZRtgqOmVMN7mSVlR_PQct9SIBOl11HEPt0iEmeRS9nYXO0hh4LdhaCygmlJqknemW5W8r0HcU44Af8oE6FPIljnAZrXx4sE5S97WfvQcvjFKmsvKCyPfaExjYo4eryqSBQH8MlvY7nCtfFY7B2GnTd_fijgUDL-EAJOfCAeHvhxP_n0fKGR9IjCySmMrZDmMfZNvpca3FmSPGi6Fl_U8h3CS2aTXrlSkWJbDoQHwI16a5-R-ZZwy2HXLIf7a02oMra4BWn55tP3Ca0TBqsjpLBw712PdEXDX3WsL66xIIULRTIuzAErq0Eajxl-uACYpthQDs5CRIM7O4COYt HTTP/1.1" 302 424 750.345 ms
::1 - - [Tue, 25 Sep 2018 04:19:16 GMT] "GET /signupfb?username=fb-1450053795129698&userslug=fb-1450053795129698&email=nhoxrualoxchox_193@yahoo.com&fullname=Quocdat%20Ngo&picture=&birthday=&fbID=1450053795129698 HTTP/1.1" 304 - 0.902 ms
::1 - - [Tue, 25 Sep 2018 04:20:08 GMT] "POST /register HTTP/1.1" 200 287 8005.393 ms
::1 - - [Tue, 25 Sep 2018 04:20:08 GMT] "GET /css/bootstrap.min.css.map HTTP/1.1" 200 - 2.031 ms
::1 - - [Tue, 25 Sep 2018 04:20:10 GMT] "POST /api/newsfeed/list HTTP/1.1" 401 25 0.422 ms
::1 - - [Tue, 25 Sep 2018 04:20:10 GMT] "GET /css/bootstrap.min.css.map HTTP/1.1" 304 - 0.950 ms
::1 - - [Tue, 25 Sep 2018 04:20:10 GMT] "GET /intro HTTP/1.1" 304 - 0.979 ms
::1 - - [Tue, 25 Sep 2018 04:20:12 GMT] "GET /css/bootstrap.min.css.map HTTP/1.1" 304 - 0.861 ms
::1 - - [Tue, 25 Sep 2018 04:20:47 GMT] "GET /api/auth/facebook HTTP/1.1" 302 0 0.319 ms
::1 - - [Tue, 25 Sep 2018 04:20:49 GMT] "GET /api/fbauthcallback?code=AQArkINob5t_ZUK2gnVtuT9CcRr0q0CdIFq5UOLPYA-y5x1PyBgzcWt0VpssQ9cjOdZIztgKSH0Inz3xtDp2qc6qqf5q9Ka3FwWk-AHQG3SI4fxWhv6aAwTouKcN39cDGeQDwiKRrvUkI4fCnHJz8iqwgNt4ycqXLtMBEI6QA0XybpusmQqw6M8jvzikKP1l7QQGnfaY2WpAocRFi4SsDpVcHdHTAqMoAmNSeg9-jSstAJbdGxxt0ysmEsOx1-Q_G3QazJm74kbOxV1gGNsEaOj2cgGBq_1hScFTHBtpe17KS-7Zxv3MBGH0_gOCs57xTjx2nbN-rtQEhtOJJJeQPNkw HTTP/1.1" 302 66 1003.368 ms
::1 - - [Tue, 25 Sep 2018 04:20:50 GMT] "GET /fbContinue HTTP/1.1" 200 - 781.511 ms
::1 - - [Tue, 25 Sep 2018 04:20:52 GMT] "GET /css/bootstrap.min.css.map HTTP/1.1" 304 - 742.657 ms
::1 - - [Tue, 25 Sep 2018 04:21:08 GMT] "GET /css/bootstrap.min.css.map HTTP/1.1" 304 - 762.888 ms
::1 - - [Tue, 25 Sep 2018 04:21:16 GMT] "POST /api/newsfeed/list HTTP/1.1" 200 372 8510.748 ms
::1 - - [Tue, 25 Sep 2018 04:21:18 GMT] "GET /css/bootstrap.min.css.map HTTP/1.1" 304 - 743.133 ms
::1 - - [Tue, 25 Sep 2018 04:21:20 GMT] "GET /css/bootstrap.min.css.map HTTP/1.1" 304 - 775.335 ms
::1 - - [Tue, 25 Sep 2018 04:21:22 GMT] "GET /intro HTTP/1.1" 304 - 746.638 ms
::1 - - [Tue, 25 Sep 2018 04:21:25 GMT] "GET /css/bootstrap.min.css.map HTTP/1.1" 304 - 775.776 ms
::1 - - [Tue, 25 Sep 2018 04:21:26 GMT] "GET /api/auth/facebook HTTP/1.1" 302 0 0.340 ms
::1 - - [Tue, 25 Sep 2018 04:21:28 GMT] "GET /api/fbauthcallback?code=AQAiWUzsSyeEESf-hUgk-QmxOa4eO62PvaxQnVmaX7b7Nn6GuXDEqRQJvOaFm5X4I5dHbTkSwdHpQk3kiLFJy6Alssr3KGmWZJZkeQQuioOU3Vt4JD33oGSd5bC-TYJ9fDQ82dE22WZEFmwmcwaJs4WMKeRaxHhNYu7rrg0yky3oBd00irM62LELWAH8PJZus7xUyZVTnThF7knS8BcSDGQlt9iDEH_kZKAdPr03TYOwo8WFNeWeDITJD6KpcluDpITq82IfrolGwbKb2h_jRmjFGCV3M2B5Mf-UI2t1AbvBCwTHfwnB5rtdQAi98o94kRIsVbrEbMRQSns0Hlhn5K3a HTTP/1.1" 302 66 1007.482 ms
::1 - - [Tue, 25 Sep 2018 04:21:29 GMT] "GET /fbContinue HTTP/1.1" 304 - 772.710 ms
::1 - - [Tue, 25 Sep 2018 04:21:31 GMT] "GET /css/bootstrap.min.css.map HTTP/1.1" 304 - 750.866 ms
::1 - - [Tue, 25 Sep 2018 04:21:34 GMT] "GET /fbContinue HTTP/1.1" 304 - 769.615 ms
::1 - - [Tue, 25 Sep 2018 04:21:36 GMT] "GET /css/bootstrap.min.css.map HTTP/1.1" 304 - 770.680 ms
::1 - - [Tue, 25 Sep 2018 04:22:01 GMT] "GET /fbContinue HTTP/1.1" 304 - 752.673 ms
::1 - - [Tue, 25 Sep 2018 04:22:19 GMT] "GET /fbContinue HTTP/1.1" 200 - 2.164 ms
::1 - - [Tue, 25 Sep 2018 04:28:28 GMT] "POST /api/newsfeed/list HTTP/1.1" 200 372 10594.614 ms
::1 - - [Tue, 25 Sep 2018 04:28:30 GMT] "POST /api/user/follow-detail HTTP/1.1" 200 224 761.162 ms
::1 - - [Tue, 25 Sep 2018 04:28:30 GMT] "POST /api/user/follow-detail HTTP/1.1" 200 465 801.752 ms
::1 - - [Tue, 25 Sep 2018 04:28:30 GMT] "POST /api/user/follow-detail HTTP/1.1" 200 224 795.644 ms
::1 - - [Tue, 25 Sep 2018 04:28:30 GMT] "POST /api/user/follow-detail HTTP/1.1" 200 224 800.965 ms
::1 - - [Tue, 25 Sep 2018 04:28:35 GMT] "POST /logout HTTP/1.1" 200 0 759.673 ms
::1 - - [Tue, 25 Sep 2018 04:28:35 GMT] "GET /login HTTP/1.1" 200 - 3.308 ms
::1 - - [Tue, 25 Sep 2018 04:28:41 GMT] "POST /api/newsfeed/list HTTP/1.1" 401 25 0.494 ms
::1 - - [Tue, 25 Sep 2018 04:28:41 GMT] "GET /intro HTTP/1.1" 304 - 1.050 ms
::1 - - [Tue, 25 Sep 2018 04:28:44 GMT] "GET /api/auth/facebook HTTP/1.1" 302 0 1.737 ms
::1 - - [Tue, 25 Sep 2018 04:28:47 GMT] "GET /api/fbauthcallback?code=AQDHUHQTIRjrZwy9d0cs6IZ69nV1_bDobN9eYQiF--6EGjUxC5qz0_waEisDKKvtchusEYN_DO9W8AygRAASS8HeB9_u74UMLw21v1zcEdSpLe4wn7J-EHNEeKvSvO9SWe7MjUbPOHXX0eXvJXpcJqB9Ny19PUPQXtXATlpQzfYshRlFUGyUM_nIT9fAHcboFZ45l0mdrCEfB5St3HJ4ExpgqfBBCG9aK02PLl73LfOlNMITigbsktA6Pk63Pc2zzrVAyvtBKZUKBZIhOp0lHcdNBhsOIDjkXxmbKSiXcFOTXt-TNHYgf33cM397uqNk3ouRjLq6SJigUMf3Ps0_wY3T HTTP/1.1" 302 46 1768.530 ms
::1 - - [Tue, 25 Sep 2018 04:28:53 GMT] "POST /api/newsfeed/list HTTP/1.1" 200 411 4570.598 ms
::1 - - [Tue, 25 Sep 2018 04:28:55 GMT] "POST /api/user/follow-detail HTTP/1.1" 200 224 1037.015 ms
::1 - - [Tue, 25 Sep 2018 04:28:55 GMT] "POST /api/user/follow-detail HTTP/1.1" 200 465 1039.768 ms
::1 - - [Tue, 25 Sep 2018 04:28:55 GMT] "POST /api/user/follow-detail HTTP/1.1" 200 224 1050.472 ms
::1 - - [Tue, 25 Sep 2018 04:28:55 GMT] "POST /api/user/follow-detail HTTP/1.1" 200 224 1027.448 ms
::1 - - [Tue, 25 Sep 2018 04:29:03 GMT] "GET /stage/darushima HTTP/1.1" 200 - 753.937 ms
::1 - - [Tue, 25 Sep 2018 04:29:05 GMT] "GET /api/element/list/darushima HTTP/1.1" 200 337 1284.394 ms
::1 - - [Tue, 25 Sep 2018 04:29:05 GMT] "GET /api/user/join-date/darushima HTTP/1.1" 200 960 1303.025 ms
::1 - - [Tue, 25 Sep 2018 04:29:06 GMT] "POST /api/user/update-profile-position HTTP/1.1" 200 20 772.273 ms
::1 - - [Tue, 25 Sep 2018 04:29:13 GMT] "POST /api/newsfeed/list HTTP/1.1" 200 411 4772.405 ms
::1 - - [Tue, 25 Sep 2018 04:29:15 GMT] "POST /api/user/follow-detail HTTP/1.1" 200 465 1045.561 ms
::1 - - [Tue, 25 Sep 2018 04:29:15 GMT] "POST /api/user/follow-detail HTTP/1.1" 200 224 1044.987 ms
::1 - - [Tue, 25 Sep 2018 04:29:15 GMT] "POST /api/user/follow-detail HTTP/1.1" 200 224 1045.762 ms
::1 - - [Tue, 25 Sep 2018 04:29:15 GMT] "POST /api/user/follow-detail HTTP/1.1" 200 224 1040.656 ms
::1 - - [Tue, 25 Sep 2018 04:40:06 GMT] "POST /logout HTTP/1.1" 200 0 1276.702 ms
::1 - - [Tue, 25 Sep 2018 04:40:09 GMT] "GET /login HTTP/1.1" 304 - 5.341 ms
::1 - - [Tue, 25 Sep 2018 04:40:14 GMT] "GET /login HTTP/1.1" 304 - 1.216 ms
::1 - - [Tue, 25 Sep 2018 04:40:16 GMT] "POST /api/newsfeed/list HTTP/1.1" 401 25 0.953 ms
::1 - - [Tue, 25 Sep 2018 04:40:17 GMT] "GET /intro HTTP/1.1" 304 - 0.793 ms
::1 - - [Tue, 25 Sep 2018 04:40:19 GMT] "GET /api/auth/facebook HTTP/1.1" 302 0 1.438 ms
::1 - - [Tue, 25 Sep 2018 04:41:02 GMT] "GET /api/fbauthcallback?code=AQCbuJFo0pYqCV9i_ZHtMMea7zEjVcpafwZnQ-8_VFo94LDR88mTgIybxSWpPxl3GmPe_kfHikK42Ej1LQ3DWZd0NjyiHW4EHarSWFoSH5Xbxdutu97BBRI4VLlfAI0PE-tHrpxQjDEyFUBAzfIUqYEzcjv16M70SB-u7NmdKYPn11IqgXzqk2ch8Pw_7jH0snM-uygULcAw-0Vwjs0zdeGjjwD5076b2-xnLYP9Kk0c0MwgNgZZXwv2F2XO8e_3WNm9-GhxuDni5tsNE2qIivek6oCoXw2GNUrQDeBYVM-vtFxmKoJnwUPHXAk9k9WZ38pbCFkmv_RvGCSdjhv7BOzC HTTP/1.1" - - - ms
::1 - - [Tue, 25 Sep 2018 04:54:49 GMT] "POST /api/newsfeed/list HTTP/1.1" 401 25 2.096 ms
::1 - - [Tue, 25 Sep 2018 04:54:50 GMT] "GET /intro HTTP/1.1" 200 - 15.197 ms
::1 - - [Tue, 25 Sep 2018 04:54:54 GMT] "GET /api/auth/facebook HTTP/1.1" 302 0 1.822 ms
::1 - - [Tue, 25 Sep 2018 04:55:34 GMT] "GET /css/bootstrap.min.css.map HTTP/1.1" 200 - 1.531 ms
::1 - - [Tue, 25 Sep 2018 04:55:54 GMT] "GET /api/fbauthcallback?code=AQC-E4tt0_tET_yRRDKBCPaZLOk3-nemysFaXwOJcYAMEds0fwubRoTUQWacZKFO4X_n02VW0gJxTegEQgnLGLcQvoGBf-tYjv3On9O46SUwdE-bYKKWLBk2xoNjV441DHJvG31qIxdYE_zwS5LlUPXefAhQGAqoEbJrP9ckUjqvhDuS1GIMsSIEjgfdXngRbfGb1PMYSYJ8Ek7uSE97aPYAbrpN2Wm2eKETtQl5sEd7kwSgB977aOCOq0BlZKGSla7-JVR5w78knIDC28kDLFLQ6GdAi4tpg-V4kmLUyvaRBHCsvsFiqi72fY_7c6kZ5dMgzWyCqKYfQhpJwrUtT9Yu HTTP/1.1" - - - ms
::ffff:127.0.0.1 - - [Tue, 25 Sep 2018 04:56:08 GMT] "GET /api/fbauthcallback?code=AQC-E4tt0_tET_yRRDKBCPaZLOk3-nemysFaXwOJcYAMEds0fwubRoTUQWacZKFO4X_n02VW0gJxTegEQgnLGLcQvoGBf-tYjv3On9O46SUwdE-bYKKWLBk2xoNjV441DHJvG31qIxdYE_zwS5LlUPXefAhQGAqoEbJrP9ckUjqvhDuS1GIMsSIEjgfdXngRbfGb1PMYSYJ8Ek7uSE97aPYAbrpN2Wm2eKETtQl5sEd7kwSgB977aOCOq0BlZKGSla7-JVR5w78knIDC28kDLFLQ6GdAi4tpg-V4kmLUyvaRBHCsvsFiqi72fY_7c6kZ5dMgzWyCqKYfQhpJwrUtT9Yu HTTP/1.1" 302 46 309.427 ms
::1 - - [Tue, 25 Sep 2018 04:56:08 GMT] "GET /css/bootstrap.min.css.map HTTP/1.1" 304 - 5.429 ms
::ffff:127.0.0.1 - - [Tue, 25 Sep 2018 04:56:09 GMT] "POST /api/newsfeed/list HTTP/1.1" 401 25 2.321 ms
::ffff:127.0.0.1 - - [Tue, 25 Sep 2018 04:56:09 GMT] "GET /intro HTTP/1.1" 304 - 1.195 ms
::1 - - [Tue, 25 Sep 2018 04:56:11 GMT] "GET /css/bootstrap.min.css.map HTTP/1.1" 304 - 1.428 ms
::1 - - [Tue, 25 Sep 2018 04:56:18 GMT] "GET /intro HTTP/1.1" 304 - 1.244 ms
::1 - - [Tue, 25 Sep 2018 04:56:19 GMT] "GET /css/bootstrap.min.css.map HTTP/1.1" 304 - 1.123 ms
::1 - - [Tue, 25 Sep 2018 04:56:21 GMT] "GET /api/auth/facebook HTTP/1.1" 302 0 0.763 ms
::1 - - [Tue, 25 Sep 2018 04:56:23 GMT] "GET /api/fbauthcallback?code=AQAase4G0jCzoaxpqk6p3VnCQJw2aRoewWZ83mHCVb4VAKrHhb5OsTDxVelFHLBMSwR-lhakhReV7ALCEfmF1Jy3OUdfxMZrta0I8uyNw33KWTANyweYxYm17clhROTxI47qXyxoKv9fbbeajh4Kwey-SzUWjH0oqr5zKsBkIKSKzZ2dObFYZ8rpyoxUm1qryA3JBWCchpMk-hsQNOVJcTnozIWZF3NB_q1L_p42eNLP-bPEtTiosLf3BEHjQIrGCQ46QW8jHaBSk-gFnMARAD1Q-CuXXF_ZTtZ6_lctT0zVTN8anQrF0XIGyGU9ed-2WNP19s02OzqFx_Ddj4v78lvT HTTP/1.1" 302 46 1048.608 ms
::1 - - [Tue, 25 Sep 2018 04:56:23 GMT] "POST /api/newsfeed/list HTTP/1.1" 401 25 0.580 ms
::1 - - [Tue, 25 Sep 2018 04:56:23 GMT] "GET /css/bootstrap.min.css.map HTTP/1.1" 304 - 1.004 ms
::1 - - [Tue, 25 Sep 2018 04:56:24 GMT] "GET /intro HTTP/1.1" 304 - 0.965 ms
::1 - - [Tue, 25 Sep 2018 04:56:25 GMT] "GET /css/bootstrap.min.css.map HTTP/1.1" 304 - 0.759 ms
::1 - - [Tue, 25 Sep 2018 04:57:38 GMT] "GET /intro HTTP/1.1" 304 - 6.582 ms
::1 - - [Tue, 25 Sep 2018 04:57:39 GMT] "GET /css/bootstrap.min.css.map HTTP/1.1" 304 - 1.341 ms
::1 - - [Tue, 25 Sep 2018 04:57:45 GMT] "GET /api/auth/facebook HTTP/1.1" 302 0 1.665 ms
::1 - - [Tue, 25 Sep 2018 04:57:48 GMT] "GET /api/fbauthcallback?code=AQBuwtoRmXSO5cOjJpkZi0Sx9H2wsIW7dk7Sl3iOgk5I1e9UypWF6aVcWtTUXKOjZDc7fVvZqCCUstEyD5mE4eWuS6k-NL4jKrho4C_hlM8HbjTgRGhwhjwLOniZm15Nz98Jsr5CsZ6unytUfAmf5uZ0r96YcMtdYvyUNRc6JG0P_XcIKXNadYUd1Mv4eH06lALna5mwaByESJ6jefO7S5qB2wzEcOkVhu9QKlyruNx8soOxIuPKvRu6ab2LltLH1WdJaoFNTncXkUikNcZImswkikoOB0WmSRxtTErfbcglhTfn0I423DGJkmFEv754UBhudREyaXdlKjjhI8humcod HTTP/1.1" 302 66 1220.645 ms
::1 - - [Tue, 25 Sep 2018 04:57:49 GMT] "GET /fbContinue HTTP/1.1" 200 - 4.897 ms
::1 - - [Tue, 25 Sep 2018 04:57:50 GMT] "GET /css/bootstrap.min.css.map HTTP/1.1" 304 - 0.832 ms
::1 - - [Tue, 25 Sep 2018 05:27:08 GMT] "GET /static/js/main.66788454.js.map HTTP/1.1" 200 - 5.335 ms
::1 - - [Tue, 25 Sep 2018 05:27:08 GMT] "GET /css/bootstrap.min.css.map HTTP/1.1" 200 - 1.798 ms
::1 - - [Tue, 25 Sep 2018 05:27:09 GMT] "GET /api/auth/facebook HTTP/1.1" 302 0 1.813 ms
::1 - - [Tue, 25 Sep 2018 05:27:12 GMT] "GET /api/fbauthcallback?code=AQDYLQi0HpCxJUFu2IBFfr-4nUvjmoKgJ4O0-apP2dbaTzwhxPid6y1of5sOZpaU2ZuIBp1WuY18JPdqeM8JwKItxJKUkZKLRHCVgfX0J-gzmw2hSOz1nLgy5CF9JWGy8c-thYu7K4gqv9T7NRglK5NahxZIG18a09KRJCvjr3KqHcy7PiGflhcSX22DEFIzcVh8lFjYb1-GItZc5e7eb4W8NFWEofQmzM_EedudbPUrh84i12T0phnuuhMjRAkmak7Z5jl6npLIrjNgWQV6UxiZZI1lYxxkHvSxJ6rSzgC50B64hJiq8g9WT9IvGIhPg7PF0JGFXeBYcQcd6j1a9W2y HTTP/1.1" 302 46 1320.165 ms
::1 - - [Tue, 25 Sep 2018 05:27:12 GMT] "GET /css/bootstrap.min.css.map HTTP/1.1" 304 - 0.849 ms
::1 - - [Tue, 25 Sep 2018 07:05:02 GMT] "POST /api/newsfeed/list HTTP/1.1" 401 25 1.976 ms
::1 - - [Tue, 25 Sep 2018 07:05:03 GMT] "GET /intro HTTP/1.1" 200 - 5.411 ms
::1 - - [Tue, 25 Sep 2018 07:05:33 GMT] "GET /css/bootstrap.min.css.map HTTP/1.1" 200 - 5.820 ms
::1 - - [Tue, 25 Sep 2018 07:05:35 GMT] "GET /favicon.ico HTTP/1.1" 200 - 1.233 ms
::1 - - [Tue, 25 Sep 2018 07:06:15 GMT] "GET /css/bootstrap.min.css.map HTTP/1.1" 304 - 2.471 ms
::1 - - [Tue, 25 Sep 2018 07:06:15 GMT] "POST /api/newsfeed/list HTTP/1.1" 401 25 0.591 ms
::1 - - [Tue, 25 Sep 2018 07:06:15 GMT] "GET /intro HTTP/1.1" 304 - 0.842 ms
::1 - - [Tue, 25 Sep 2018 07:06:17 GMT] "GET /css/bootstrap.min.css.map HTTP/1.1" 304 - 0.716 ms
::1 - - [Tue, 25 Sep 2018 07:09:50 GMT] "GET /css/bootstrap.min.css.map HTTP/1.1" 304 - 4.875 ms
::1 - - [Tue, 25 Sep 2018 07:09:50 GMT] "POST /api/newsfeed/list HTTP/1.1" 401 25 4.140 ms
::1 - - [Tue, 25 Sep 2018 07:09:51 GMT] "GET /intro HTTP/1.1" 304 - 1.049 ms
::1 - - [Tue, 25 Sep 2018 07:09:52 GMT] "GET /css/bootstrap.min.css.map HTTP/1.1" 304 - 0.704 ms
::1 - - [Tue, 25 Sep 2018 07:09:53 GMT] "GET /api/auth/facebook HTTP/1.1" 302 0 2.194 ms
::1 - - [Tue, 25 Sep 2018 07:09:56 GMT] "GET /api/fbauthcallback?code=AQDixxhKWWwpRtb5D2psaMvavU3DiePeQZvZzZ-2_J7j9EdeNGXUmy2MA6Qmj_PQ_-GaBbDtLG8biOGM3JplaXbpmQm0rjUiFyTDTOoaazPYXo3n5-e3uEhUVOFy4DLAZgNh8SIqSYaIUrp_yxkzv57SAamneA78fm8BUmJ6nCytmbWzn6FCVcRLWbexyh6YlQk_Cd-9gsWa1-pR0MHLtXmC4WJM64bxyuIhvIqUiNxhG0Uu_I8mA9UcTglU8rooDybF-QQZX-JMa-ui45wZIEvSh83ZoSwfQr_LcUTQw1WR-kZw_YY60yhC1J9fs3lA01OcvwR-02_deUfRTGBerodD HTTP/1.1" 302 430 1214.035 ms
::1 - - [Tue, 25 Sep 2018 07:09:57 GMT] "GET /loginfb?name=Quocdat%20Ngo&profile=https://platform-lookaside.fbsbx.com/platform/profilepic/?asid=1450053795129698&height=200&width=200&ext=1540451393&hash=AeTreZfbh06kyBU7 HTTP/1.1" 200 - 765.496 ms
::1 - - [Tue, 25 Sep 2018 07:09:59 GMT] "GET /css/bootstrap.min.css.map HTTP/1.1" 304 - 744.027 ms
::1 - - [Tue, 25 Sep 2018 07:10:06 GMT] "GET /css/bootstrap.min.css.map HTTP/1.1" 304 - 1795.846 ms
::1 - - [Tue, 25 Sep 2018 07:10:13 GMT] "POST /api/newsfeed/list HTTP/1.1" 200 372 9213.978 ms
::1 - - [Tue, 25 Sep 2018 07:10:14 GMT] "POST /api/user/follow-detail HTTP/1.1" 200 224 757.022 ms
::1 - - [Tue, 25 Sep 2018 07:10:14 GMT] "POST /api/user/follow-detail HTTP/1.1" 200 224 796.566 ms
::1 - - [Tue, 25 Sep 2018 07:10:14 GMT] "POST /api/user/follow-detail HTTP/1.1" 200 465 796.899 ms
::1 - - [Tue, 25 Sep 2018 07:10:14 GMT] "POST /api/user/follow-detail HTTP/1.1" 200 224 819.212 ms
::1 - - [Tue, 25 Sep 2018 07:10:20 GMT] "GET /css/bootstrap.min.css.map HTTP/1.1" 304 - 759.097 ms
::1 - - [Tue, 25 Sep 2018 07:11:55 GMT] "GET /css/bootstrap.min.css.map HTTP/1.1" 304 - 1911.961 ms
::1 - - [Tue, 25 Sep 2018 07:11:56 GMT] "POST /api/newsfeed/list HTTP/1.1" - - - ms
::1 - - [Tue, 25 Sep 2018 07:11:58 GMT] "GET /css/bootstrap.min.css.map HTTP/1.1" 304 - 776.971 ms
::1 - - [Tue, 25 Sep 2018 07:12:00 GMT] "GET /css/bootstrap.min.css.map HTTP/1.1" 304 - 789.559 ms
::1 - - [Tue, 25 Sep 2018 07:12:02 GMT] "POST /api/newsfeed/list HTTP/1.1" 200 411 2861.210 ms
::1 - - [Tue, 25 Sep 2018 07:12:04 GMT] "POST /api/user/follow-detail HTTP/1.1" 200 224 763.878 ms
::1 - - [Tue, 25 Sep 2018 07:12:04 GMT] "POST /api/user/follow-detail HTTP/1.1" 200 224 759.260 ms
::1 - - [Tue, 25 Sep 2018 07:12:04 GMT] "POST /api/user/follow-detail HTTP/1.1" 200 465 776.395 ms
::1 - - [Tue, 25 Sep 2018 07:12:04 GMT] "POST /api/user/follow-detail HTTP/1.1" 200 224 795.174 ms
::1 - - [Tue, 25 Sep 2018 07:12:14 GMT] "GET /css/bootstrap.min.css.map HTTP/1.1" 304 - 781.507 ms
::1 - - [Tue, 25 Sep 2018 07:12:24 GMT] "GET /css/bootstrap.min.css.map HTTP/1.1" 304 - 766.620 ms
::1 - - [Tue, 25 Sep 2018 07:12:26 GMT] "POST /api/newsfeed/list HTTP/1.1" 200 411 3163.587 ms
::1 - - [Tue, 25 Sep 2018 07:12:27 GMT] "POST /api/user/follow-detail HTTP/1.1" 200 224 746.023 ms
::1 - - [Tue, 25 Sep 2018 07:12:27 GMT] "POST /api/user/follow-detail HTTP/1.1" 200 224 778.916 ms
::1 - - [Tue, 25 Sep 2018 07:12:27 GMT] "POST /api/user/follow-detail HTTP/1.1" 200 465 779.448 ms
::1 - - [Tue, 25 Sep 2018 07:12:27 GMT] "POST /api/user/follow-detail HTTP/1.1" 200 224 769.839 ms
::1 - - [Tue, 25 Sep 2018 07:12:29 GMT] "GET /stage/darushima HTTP/1.1" 200 - 760.613 ms
::1 - - [Tue, 25 Sep 2018 07:12:32 GMT] "GET /css/bootstrap.min.css.map HTTP/1.1" 304 - 812.193 ms
::1 - - [Tue, 25 Sep 2018 07:12:38 GMT] "GET /api/user/join-date/darushima HTTP/1.1" 200 998 1269.467 ms
::1 - - [Tue, 25 Sep 2018 07:12:38 GMT] "GET /api/element/list/darushima HTTP/1.1" 200 337 1274.050 ms
::1 - - [Tue, 25 Sep 2018 07:16:11 GMT] "POST /api/newsfeed/list HTTP/1.1" - - - ms
::1 - - [Tue, 25 Sep 2018 07:16:12 GMT] "GET /css/bootstrap.min.css.map HTTP/1.1" 304 - 753.214 ms
::1 - - [Tue, 25 Sep 2018 07:16:15 GMT] "GET /css/bootstrap.min.css.map HTTP/1.1" 304 - 935.042 ms
::1 - - [Tue, 25 Sep 2018 07:16:42 GMT] "GET /css/bootstrap.min.css.map HTTP/1.1" 304 - 764.921 ms
::1 - - [Tue, 25 Sep 2018 07:16:54 GMT] "GET /api/auth/facebook HTTP/1.1" 302 0 4.126 ms
::1 - - [Tue, 25 Sep 2018 07:16:56 GMT] "GET /api/fbauthcallback?code=AQC7AvgjGYQRzzStoP6GT67OPXyY6MwkQe3D9Ut8sax7-DJbZaDwxIkOKFekWQTjmWjwGSmsKNxUL3DYDElK2BiOeoMXT3MHYMlT6wYNFXYTrF7GOQQjnFsuKQSTMH5At4Hl501mx5B54T2pTMlPHfOj9ZCWpllwN73kMPk8_Y4OFpcLoiTUA5vKqwaWVn1-ZdkzcDy_RJ9CPkXMzUhJnFBTn0gDYeNwM1tsul-0X2ttxDKIZA_MAFNsaGf6XeIgwLYJ5g0TELSZYrisNzgF9rl0oZNwr1PgqkDLkN4bNHG3KVp6f_N7NYAPkfaLzX_DOySYlRfgJ3fSI-bHdpFH_h7N HTTP/1.1" 302 430 1147.764 ms
::1 - - [Tue, 25 Sep 2018 07:16:59 GMT] "GET /loginfb?name=Quocdat%20Ngo&profile=https://platform-lookaside.fbsbx.com/platform/profilepic/?asid=1450053795129698&height=200&width=200&ext=1540451813&hash=AeTLninOkridbNoN HTTP/1.1" 200 - 1797.483 ms
::1 - - [Tue, 25 Sep 2018 07:17:01 GMT] "GET /css/bootstrap.min.css.map HTTP/1.1" 304 - 769.278 ms
::1 - - [Tue, 25 Sep 2018 07:17:44 GMT] "GET /css/bootstrap.min.css.map HTTP/1.1" 304 - 1708.956 ms
::1 - - [Tue, 25 Sep 2018 07:17:52 GMT] "POST /api/newsfeed/list HTTP/1.1" 200 372 9171.035 ms
::1 - - [Tue, 25 Sep 2018 07:17:53 GMT] "POST /api/user/follow-detail HTTP/1.1" 200 465 726.917 ms
::1 - - [Tue, 25 Sep 2018 07:17:53 GMT] "POST /api/user/follow-detail HTTP/1.1" 200 224 751.447 ms
::1 - - [Tue, 25 Sep 2018 07:17:53 GMT] "POST /api/user/follow-detail HTTP/1.1" 200 224 762.233 ms
::1 - - [Tue, 25 Sep 2018 07:17:53 GMT] "POST /api/user/follow-detail HTTP/1.1" 200 224 770.033 ms
::1 - - [Tue, 25 Sep 2018 07:21:22 GMT] "GET /css/bootstrap.min.css.map HTTP/1.1" 304 - 776.857 ms
::1 - - [Tue, 25 Sep 2018 07:36:37 GMT] "GET /css/bootstrap.min.css.map HTTP/1.1" 200 - 828.015 ms
::1 - - [Tue, 25 Sep 2018 07:36:37 GMT] "GET /static/js/main.b0406a06.js.map HTTP/1.1" 200 - 827.473 ms
::1 - - [Tue, 25 Sep 2018 07:36:48 GMT] "GET /api/auth/facebook HTTP/1.1" 302 0 24.455 ms
::1 - - [Tue, 25 Sep 2018 07:36:50 GMT] "GET /api/fbauthcallback?code=AQDDOg7CN8WxfPwuLdISb6CmtllbWXAX0SDk9ediJAym2fktcTb7tu0Du5NhzhOe-FvHQGfMUIKYJqtk0xnjZWhRzLNPlE2XCnuHVxTIYRbSu4ftntVO_ohIq8qwlIMb0j5CAkY1_8FBDihunZfSU7ixio1FGYlPT85g19ElmqX83ies_Kk3g8mZRYVxrCSZx5ZIBds-MLTl38mNjXlvAMvclgRhaBOyj9qmKbJmvWwEyr5F_gA9dM75EnFRXkx3gW8tpnIkMC0d-atoZC-Q_-oTX8ZvkBlHEKINczO2V3yzQKCxgPdfUGwagtGMew5k0OqaOUyPnenLASW3rf5tEybs HTTP/1.1" 302 430 1344.631 ms
::1 - - [Tue, 25 Sep 2018 07:36:51 GMT] "GET /loginfb?name=Quocdat%20Ngo&profile=https://platform-lookaside.fbsbx.com/platform/profilepic/?asid=1450053795129698&height=200&width=200&ext=1540453007&hash=AeTWYUBPLhpZsgh2 HTTP/1.1" 200 - 782.639 ms
::1 - - [Tue, 25 Sep 2018 07:36:53 GMT] "GET /css/bootstrap.min.css.map HTTP/1.1" 304 - 783.678 ms
::1 - - [Tue, 25 Sep 2018 07:41:30 GMT] "GET /static/js/main.b0406a06.js.map HTTP/1.1" 304 - 2528.421 ms
::1 - - [Tue, 25 Sep 2018 07:41:30 GMT] "GET /css/bootstrap.min.css.map HTTP/1.1" 304 - 3775.380 ms
::1 - - [Tue, 25 Sep 2018 07:41:30 GMT] "GET /api/auth/facebook HTTP/1.1" 302 0 1.796 ms
::1 - - [Tue, 25 Sep 2018 07:41:32 GMT] "GET /api/fbauthcallback?code=AQAn28VbylA24LWXJag7dMNBHVCYTXmZumEjbHdM8IXboYgaIbj5WbHDa4GB66fspLo3JLfY1RmzpeFgJ0jz8D8KH4sUPPEELgowgJr_auS6aFqQB0GL5BEObh6ctWRox0Au0OdXBUKtTaPpuOTDAIz6WD7VcL2Sr6h39UWhjo_e3vo4um3OaXcWXnwT19oZtx5_IstBvVm7Hu2zVk6DGtZYeHR9JgyWIIQRKg3bVKwPAEJRbTIatpVe1j8huf4DgtG4BQ3ADK6E8yOy0GZxrcgXwmgmchO3-pRGJZy51IdM1P3xB0Rsls498sL6eRK3SCK2zQUogkkxMXfwvoMR8Y9n HTTP/1.1" 302 430 1173.382 ms
::1 - - [Tue, 25 Sep 2018 07:41:33 GMT] "GET /loginfb?name=Quocdat%20Ngo&profile=https://platform-lookaside.fbsbx.com/platform/profilepic/?asid=1450053795129698&height=200&width=200&ext=1540453289&hash=AeR0NduAsBpsJFeN HTTP/1.1" 200 - 813.910 ms
::1 - - [Tue, 25 Sep 2018 07:41:35 GMT] "GET /css/bootstrap.min.css.map HTTP/1.1" 304 - 794.271 ms
::1 - - [Tue, 25 Sep 2018 07:44:45 GMT] "POST /api/newsfeed/list HTTP/1.1" 401 25 1.410 ms
::1 - - [Tue, 25 Sep 2018 07:44:46 GMT] "GET /intro HTTP/1.1" 200 - 2.823 ms
::1 - - [Tue, 25 Sep 2018 07:44:48 GMT] "GET /api/auth/facebook HTTP/1.1" 302 0 0.378 ms
::1 - - [Tue, 25 Sep 2018 07:50:59 GMT] "GET /favicon.ico HTTP/1.1" 200 - 2826.915 ms
::1 - - [Tue, 25 Sep 2018 07:54:20 GMT] "GET /static/js/main.b0406a06.js.map HTTP/1.1" 200 - 2639.583 ms
::1 - - [Tue, 25 Sep 2018 07:54:20 GMT] "GET /api/auth/facebook HTTP/1.1" 302 0 0.396 ms
::1 - - [Tue, 25 Sep 2018 07:54:21 GMT] "GET /css/bootstrap.min.css.map HTTP/1.1" 200 - 2558.007 ms
::1 - - [Tue, 25 Sep 2018 07:54:22 GMT] "GET /api/fbauthcallback?code=AQAiw6WIIGRZGqD1IrO7ZKXmKAfnEyJ8q25UiyK5KnBsFQoPMzF_74x21Lm1AdCkmSQYXXI39OriCkJxPCqczhgeHjZLz1GpjIENE-tZB2xa31bqq2KnSy_XYakjJLBfxT9v1Neq5LizJv-Obel9SpNThkIdG2ApXpSuz4zle5njipMDJiTaK-LohXzENAtY8foBfvyKcv4NNLjdYLWfcP2fXo3dYJub9oFX6HO8KvwLe5ORMxL9oLOeWuDidVmP36ek5AVk-_iG6CduYht7Sa6FMmnVReyTqDkkChZn0sgODlvwNsh1IVwGsqQ8r6Mr_chrDTGZZ-TCf9FLrMRZ5KYm HTTP/1.1" 302 430 1016.164 ms
::1 - - [Tue, 25 Sep 2018 07:54:24 GMT] "GET /loginfb?name=Quocdat%20Ngo&profile=https://platform-lookaside.fbsbx.com/platform/profilepic/?asid=1450053795129698&height=200&width=200&ext=1540454060&hash=AeSUQ4pVv5BObyyd HTTP/1.1" 200 - 780.610 ms
::1 - - [Tue, 25 Sep 2018 07:54:25 GMT] "GET /css/bootstrap.min.css.map HTTP/1.1" 304 - 913.270 ms
::1 - - [Tue, 25 Sep 2018 07:54:30 GMT] "GET /static/js/main.b0406a06.js.map HTTP/1.1" 304 - 779.095 ms
::1 - - [Tue, 25 Sep 2018 07:54:30 GMT] "GET /css/bootstrap.min.css.map HTTP/1.1" 304 - 761.581 ms
::1 - - [Tue, 25 Sep 2018 07:54:31 GMT] "GET /api/auth/facebook HTTP/1.1" 302 0 0.777 ms
::1 - - [Tue, 25 Sep 2018 07:54:33 GMT] "GET /api/fbauthcallback?code=AQDnZ8wZX9mXfYj9VXKpANSWftJnkbsK_0c86s23DVBmqd4vgrnmm9v_bgSHH5EcQ65O0uv9PbFpnIHvyf6LS4di2fTwyP4gvyWLEmyTnPuHOxC6PgF9pxxqnPE1VVHx2cfT2xhjeEsAET41ENWY-JLQJ5ahIi-uOwveetqHjjN_GCkbGud62H5kvdIjzLeypy6T8SzYnmll1hLcPMqVyW_h3qGzSZp0xhZsIqblYR5EPUbmGLPbI_ATpdk43CrXpq6zF4GA10_I7BvUc404XzgXOgxpDAQ0dz0DtNZYOtmucQrc9Dji3a93fpxABlxq9ttl2cSwfymgqvVqvDEYRRJI HTTP/1.1" 302 430 1040.752 ms
::1 - - [Tue, 25 Sep 2018 07:54:34 GMT] "GET /loginfb?name=Quocdat%20Ngo&profile=https://platform-lookaside.fbsbx.com/platform/profilepic/?asid=1450053795129698&height=200&width=200&ext=1540454070&hash=AeQJHryw8GN9Wmu6 HTTP/1.1" 200 - 772.495 ms
::1 - - [Tue, 25 Sep 2018 07:54:36 GMT] "GET /css/bootstrap.min.css.map HTTP/1.1" 304 - 770.750 ms
::1 - - [Tue, 25 Sep 2018 07:54:38 GMT] "GET /static/js/main.b0406a06.js.map HTTP/1.1" 304 - 769.059 ms
::1 - - [Tue, 25 Sep 2018 07:54:39 GMT] "GET /css/bootstrap.min.css.map HTTP/1.1" 304 - 768.514 ms
::1 - - [Tue, 25 Sep 2018 07:54:41 GMT] "GET /intro HTTP/1.1" 200 - 759.831 ms
::1 - - [Tue, 25 Sep 2018 07:54:43 GMT] "GET /css/bootstrap.min.css.map HTTP/1.1" 304 - 767.529 ms
::1 - - [Tue, 25 Sep 2018 07:54:44 GMT] "GET /api/auth/facebook HTTP/1.1" 302 0 0.340 ms
::1 - - [Tue, 25 Sep 2018 07:54:46 GMT] "GET /api/fbauthcallback?code=AQDf6S1DWgwy5_B91Xz_DARieTLmUxLTh-R3Xg6DhoSnjGnml4_0WguZ-rY6xs7ueKNThoRbSklFc3Wrokw7po4TLhGO4NH_L_oE3tcQZGs6b0hP6sxvBgnGOKWg764VL3yqe_i-Py0nCJkjoOmZVdMAV18WIQqhbvEbrFxm6PU-ILL3KHtJ_s2wqpuOOrtCz3Yy1tZ-YAACqTkPoTxK1U7RFqA3s0etLGxEVo1KZzzAso6NiXY8O4F4mP4WL9yfLNenQLpfoNHBqZM5ETdyxFE4TEe-0KKu0wuKtue4MoBJ4mTxr1KaHpR4-YTS7tXZjBSoLT8H6iDNy_k3EHhnNQ5k HTTP/1.1" 302 430 1009.329 ms
::1 - - [Tue, 25 Sep 2018 07:54:47 GMT] "GET /loginfb?name=Quocdat%20Ngo&profile=https://platform-lookaside.fbsbx.com/platform/profilepic/?asid=1450053795129698&height=200&width=200&ext=1540454083&hash=AeTPgWX01Xlsa54k HTTP/1.1" 200 - 775.483 ms
::1 - - [Tue, 25 Sep 2018 07:54:49 GMT] "GET /css/bootstrap.min.css.map HTTP/1.1" 304 - 767.410 ms
::1 - - [Tue, 25 Sep 2018 07:56:02 GMT] "GET /css/bootstrap.min.css.map HTTP/1.1" 304 - 760.445 ms
::1 - - [Tue, 25 Sep 2018 07:56:07 GMT] "POST /api/newsfeed/list HTTP/1.1" 200 372 5797.726 ms
::1 - - [Tue, 25 Sep 2018 07:56:08 GMT] "POST /api/user/follow-detail HTTP/1.1" 200 465 737.097 ms
::1 - - [Tue, 25 Sep 2018 07:56:08 GMT] "POST /api/user/follow-detail HTTP/1.1" 200 224 740.521 ms
::1 - - [Tue, 25 Sep 2018 07:56:08 GMT] "POST /api/user/follow-detail HTTP/1.1" 200 224 775.892 ms
::1 - - [Tue, 25 Sep 2018 07:56:08 GMT] "POST /api/user/follow-detail HTTP/1.1" 200 224 767.605 ms
::1 - - [Tue, 25 Sep 2018 07:56:11 GMT] "GET /css/bootstrap.min.css.map HTTP/1.1" 304 - 749.263 ms
::1 - - [Tue, 25 Sep 2018 08:04:00 GMT] "GET /api/auth/facebook HTTP/1.1" 302 0 0.450 ms
::1 - - [Tue, 25 Sep 2018 08:04:02 GMT] "GET /api/fbauthcallback?code=AQBoDsKj-incMpe63Rq9SUehTIW48oJe_qXZUcjfJhGztMi8BQ1RVBY2cD-oWhT3KCEeDKBnkFaYkpLMVWH2lmWMjWahgyCHfQ1V9fmP1kjXw0smAXMTZH-lNK14EhBWhQ1fVmTBG6o4ZWPbqnKypgZuwopfcgwJEuPUrMBXo3a6_sWJG-IfMWd-rfuPe6jNDsl6j7Ot5zbAkiqJ-6ZiMBA7BO1ISXRRP--9VqDLU4jpDNTjz0Yq2uqJhXoAlAM4McB88aepnpJw4-TuN_12-2gn4ssRjR_olXOLS6G7_HAgi88JI6euybTn516ZApnalGzOjdIn19Mhx5Oc0l3Oo9ob HTTP/1.1" 302 430 1065.139 ms
::1 - - [Tue, 25 Sep 2018 08:04:03 GMT] "GET /loginfb?name=Quocdat%20Ngo&profile=https://platform-lookaside.fbsbx.com/platform/profilepic/?asid=1450053795129698&height=200&width=200&ext=1540454639&hash=AeT_sdz-uvXvrN6q HTTP/1.1" 200 - 768.536 ms
::1 - - [Tue, 25 Sep 2018 08:04:05 GMT] "GET /css/bootstrap.min.css.map HTTP/1.1" 304 - 767.636 ms
::1 - - [Tue, 25 Sep 2018 08:04:24 GMT] "POST /api/newsfeed/list HTTP/1.1" 200 411 3142.884 ms
::1 - - [Tue, 25 Sep 2018 08:04:25 GMT] "POST /api/user/follow-detail HTTP/1.1" 200 465 751.954 ms
::1 - - [Tue, 25 Sep 2018 08:04:25 GMT] "POST /api/user/follow-detail HTTP/1.1" 200 224 774.463 ms
::1 - - [Tue, 25 Sep 2018 08:04:25 GMT] "POST /api/user/follow-detail HTTP/1.1" 200 224 758.675 ms
::1 - - [Tue, 25 Sep 2018 08:04:25 GMT] "POST /api/user/follow-detail HTTP/1.1" 200 224 767.219 ms
::1 - - [Wed, 26 Sep 2018 16:57:07 GMT] "POST /api/newsfeed/list HTTP/1.1" 401 25 529.194 ms
::1 - - [Wed, 26 Sep 2018 16:57:10 GMT] "GET /intro HTTP/1.1" 200 - 1904.935 ms
::1 - - [Wed, 26 Sep 2018 16:57:13 GMT] "GET /api/auth/facebook HTTP/1.1" 302 0 1.734 ms
::1 - - [Wed, 26 Sep 2018 16:58:00 GMT] "GET /api/auth/facebook HTTP/1.1" 302 0 0.328 ms
::1 - - [Wed, 26 Sep 2018 16:58:41 GMT] "GET /api/fbauthcallback?code=AQAVltGdszIutINnc7566hlOwjGc0ZBP64D7qXSflqcWX-e1nqGTmCLuJkZzCfvKvzsEkK85coZhlsTFFv-eSmXbbnKrg2hZNrihRAOfALuzHoSFr4QCbbwhEAzgsmOWwTR57gKhy0htdYNNvLL73OLk281sOKcM70lhhxyHEtr6mztGCIOXkvsdUh5QrUwFKSgtktojxnH4U2qNgq5c9npJLnyAN4YAB3xVrV-SyQv0Mu-YS7n_VLMVDoq9hndmR9UkccCR1w4MesYt3jh94ZxsivRnu9XBSEWzO7MK_KBILJvv_I96pmPiGsyBgsIVBB5NG2lmSdjtWPqDDkY5qLNv HTTP/1.1" 302 56 415.422 ms
::1 - - [Wed, 26 Sep 2018 16:58:42 GMT] "GET /login HTTP/1.1" 200 - 792.371 ms
::1 - - [Wed, 26 Sep 2018 16:59:08 GMT] "GET /api/fbauthcallback?code=AQAb7CnFsV1x7XmGhCYc4NGqSk21jAFQ9_388QFKkBbXUqBOFlY1Myks1LP8euLcSCWJcnA2CTTzYbQrWqEuFKWlTTjcSJM0qSCf6xiCZbLOKrTrXmeXoJTomsiv15drAly1qPd7upNiWIPhILhpYPelZJhzKJKluTmQV-rQzGb9j7xAFNOEPAingERRRMNqwGx6tAPEcghL_iqwJxQt0SbN9zIZpBBmi6AGlqlsWK82cAVsyCqNKRSj7lORyOSn8tK6dLMZsYdb8cxbx-HZdI_ZZPfY6Gn1kjGWwhaud6ymY1h4AW-jKvPQA4JrXOd6AEPjUuQLQmmynSnIRM7c9XJZ HTTP/1.1" 302 56 279.330 ms
::1 - - [Wed, 26 Sep 2018 16:59:09 GMT] "GET /login HTTP/1.1" 304 - 753.293 ms
::1 - - [Wed, 26 Sep 2018 16:59:22 GMT] "GET /api/fbauthcallback?code=AQD17nOpRrkrTyAMw19NN2H5EHBqfuSNBpbsPourCvL9QVpQWs9a6f4TWjL4_6J81a-p0qoUUk8pqccSFKHMLK-9yKu_hWvzagHM0CYEgXtwjXuQR8EsQ3M0PHHKQ4CsQ--ObP3QUcuES0649cpK2BKmhfmVeiAB8LqpJVDU1zG_HpWtjQtsWCKNRfZqpU_r_ATyhdHLNe5XdnUUPdmtNovZfIAxkx5P3fCtD8nMDTX9p-afuLu1BJG8t1XogZMTOXwp6eqI6GWMQis8Do8kjqSiOt-JAjjrpGS1rPDWoZTbajN6d9FgQcG9CudYsIH083YyFGI1TFaoeJAFuFiIyC6K HTTP/1.1" 302 56 240.760 ms
::1 - - [Wed, 26 Sep 2018 16:59:23 GMT] "GET /login HTTP/1.1" 304 - 785.498 ms
